<?xml version="1.0" encoding="UTF-8"?>
<!-- Generated by org.testng.reporters.JUnitXMLReporter -->
<testsuite hostname="apples-MacBook-Air.local" ignored="0" name="Test" tests="3" failures="0" timestamp="2022-02-17T21:59:44 IST" time="24.369" errors="0">
  <testcase name="test1" time="15.499" classname="TestCases.ParallelTest"/>
  <testcase name="test2" time="15.526" classname="TestCases.ParallelTest"/>
  <testcase name="test3" time="24.292" classname="TestCases.ParallelTest"/>
</testsuite> <!-- Test -->
