<?xml version="1.0" encoding="UTF-8"?>
<!-- Generated by org.testng.reporters.JUnitXMLReporter -->
<testsuite hostname="apples-MacBook-Air.local" ignored="6" name="End to end tests" tests="7" failures="0" timestamp="2022-02-16T08:16:26 IST" time="22.362" errors="0">
  <testcase name="validateEmailIDTest" time="1.175" classname="TestCases.DashboardPageTest"/>
  <testcase name="test1" time="0.003" classname="TestCases.DemoTest"/>
  <testcase name="test2" time="0.004" classname="TestCases.DemoTest"/>
  <testcase name="test3" time="0.006" classname="TestCases.DemoTest"/>
  <testcase name="test5" time="0.003" classname="TestCases.DemoTest"/>
  <testcase name="test4" time="0.002" classname="TestCases.DemoTest"/>
  <testcase name="validateLoginPageTitleTest" time="0.017" classname="TestCases.LoginPageTest"/>
  <testcase name="validateLabelTest" time="0.0" classname="TestCases.LoginPageTest">
    <ignored/>
  </testcase> <!-- validateLabelTest -->
  <testcase name="validateNicknameTest" time="0.0" classname="TestCases.DashboardPageTest">
    <ignored/>
  </testcase> <!-- validateNicknameTest -->
  <testcase name="buyShareTest" time="0.0" classname="TestCases.DashboardPageTest">
    <ignored/>
  </testcase> <!-- buyShareTest -->
  <testcase name="validateLogoTest" time="0.0" classname="TestCases.LoginPageTest">
    <ignored/>
  </testcase> <!-- validateLogoTest -->
  <testcase name="validateProfileNameTest" time="0.0" classname="TestCases.DashboardPageTest">
    <ignored/>
  </testcase> <!-- validateProfileNameTest -->
  <testcase name="loginZerodhaTest" time="0.0" classname="TestCases.LoginPageTest">
    <ignored/>
  </testcase> <!-- loginZerodhaTest -->
</testsuite> <!-- End to end tests -->
