<?xml version="1.0" encoding="UTF-8"?>
<!-- Generated by org.testng.reporters.JUnitXMLReporter -->
<testsuite hostname="apples-MacBook-Air.local" ignored="3" name="Group Test" tests="2" failures="0" timestamp="2022-02-16T08:10:56 IST" time="0.139" errors="0">
  <testcase name="test1" time="0.015" classname="TestCases.DemoTest"/>
  <testcase name="test2" time="0.007" classname="TestCases.DemoTest"/>
  <testcase name="test3" time="0.0" classname="TestCases.DemoTest">
    <ignored/>
  </testcase> <!-- test3 -->
  <testcase name="test5" time="0.0" classname="TestCases.DemoTest">
    <ignored/>
  </testcase> <!-- test5 -->
  <testcase name="test4" time="0.0" classname="TestCases.DemoTest">
    <ignored/>
  </testcase> <!-- test4 -->
</testsuite> <!-- Group Test -->
